[debug] [2024-09-23T11:50:05.439Z] ----------------------------------------------------------------------
[debug] [2024-09-23T11:50:05.441Z] Command:       /root/.nvm/versions/node/v20.15.1/bin/node /root/.nvm/versions/node/v20.15.1/bin/firebase init
[debug] [2024-09-23T11:50:05.441Z] CLI Version:   13.18.0
[debug] [2024-09-23T11:50:05.441Z] Platform:      linux
[debug] [2024-09-23T11:50:05.441Z] Node Version:  v20.15.1
[debug] [2024-09-23T11:50:05.442Z] Time:          Mon Sep 23 2024 20:50:05 GMT+0900 (Korean Standard Time)
[debug] [2024-09-23T11:50:05.442Z] ----------------------------------------------------------------------
[debug] 
[debug] [2024-09-23T11:50:05.444Z] >>> [apiv2][query] GET https://firebase-public.firebaseio.com/cli.json [none]
[debug] [2024-09-23T11:50:05.480Z] > command requires scopes: ["email","openid","https://www.googleapis.com/auth/cloudplatformprojects.readonly","https://www.googleapis.com/auth/firebase","https://www.googleapis.com/auth/cloud-platform"]
[debug] [2024-09-23T11:50:05.480Z] > authorizing via signed-in user (kizzaraiva@gmail.com)
[info] 
     ######## #### ########  ######## ########     ###     ######  ########
     ##        ##  ##     ## ##       ##     ##  ##   ##  ##       ##
     ######    ##  ########  ######   ########  #########  ######  ######
     ##        ##  ##    ##  ##       ##     ## ##     ##       ## ##
     ##       #### ##     ## ######## ########  ##     ##  ######  ########

You're about to initialize a Firebase project in this directory:

  /root/42bangkok/hackathon/pandapost

[debug] [2024-09-23T11:50:05.943Z] <<< [apiv2][status] GET https://firebase-public.firebaseio.com/cli.json 200
[debug] [2024-09-23T11:50:05.944Z] <<< [apiv2][body] GET https://firebase-public.firebaseio.com/cli.json {"cloudBuildErrorAfter":1594252800000,"cloudBuildWarnAfter":1590019200000,"defaultNode10After":1594252800000,"minVersion":"3.0.5","node8DeploysDisabledAfter":1613390400000,"node8RuntimeDisabledAfter":1615809600000,"node8WarnAfter":1600128000000}
[debug] [2024-09-23T13:23:50.672Z] Error: setRawMode EIO
    at ReadStream.setRawMode (node:tty:77:24)
    at [_setRawMode] [as _setRawMode] (node:internal/readline/interface:375:18)
    at Interface.close (node:internal/readline/interface:525:24)
    at ReadStream.ontermend (node:internal/readline/interface:261:10)
    at ReadStream.emit (node:events:531:35)
    at ReadStream.emit (node:domain:488:12)
    at endReadableNT (node:internal/streams/readable:1696:12)
    at process.processTicksAndRejections (node:internal/process/task_queues:82:21)
[error] 
[error] Error: An unexpected error has occurred.
[debug] [2024-09-23T13:23:50.675Z] Error: write EIO
    at afterWriteDispatched (node:internal/stream_base_commons:161:15)
    at writeGeneric (node:internal/stream_base_commons:152:3)
    at Socket._writeGeneric (node:net:953:11)
    at Socket._write (node:net:965:8)
    at writeOrBuffer (node:internal/streams/writable:564:12)
    at _write (node:internal/streams/writable:493:10)
    at Writable.write (node:internal/streams/writable:502:10)
    at Console.log (/root/.nvm/versions/node/v20.15.1/lib/node_modules/firebase-tools/node_modules/winston/lib/winston/transports/console.js:87:23)
    at Console._write (/root/.nvm/versions/node/v20.15.1/lib/node_modules/firebase-tools/node_modules/winston-transport/modern.js:103:17)
    at doWrite (/root/.nvm/versions/node/v20.15.1/lib/node_modules/firebase-tools/node_modules/winston-transport/node_modules/readable-stream/lib/_stream_writable.js:390:139)
[error] 
[error] Error: An unexpected error has occurred.
[debug] [2024-09-23T13:23:50.676Z] Error: write EIO
    at afterWriteDispatched (node:internal/stream_base_commons:161:15)
    at writeGeneric (node:internal/stream_base_commons:152:3)
    at Socket._writeGeneric (node:net:953:11)
    at Socket._write (node:net:965:8)
    at writeOrBuffer (node:internal/streams/writable:564:12)
    at _write (node:internal/streams/writable:493:10)
    at Writable.write (node:internal/streams/writable:502:10)
    at Console.log (/root/.nvm/versions/node/v20.15.1/lib/node_modules/firebase-tools/node_modules/winston/lib/winston/transports/console.js:87:23)
    at Console._write (/root/.nvm/versions/node/v20.15.1/lib/node_modules/firebase-tools/node_modules/winston-transport/modern.js:103:17)
    at doWrite (/root/.nvm/versions/node/v20.15.1/lib/node_modules/firebase-tools/node_modules/winston-transport/node_modules/readable-stream/lib/_stream_writable.js:390:139)
[error] 
[error] Error: An unexpected error has occurred.
[debug] [2024-09-23T13:23:50.677Z] Error: write EIO
    at afterWriteDispatched (node:internal/stream_base_commons:161:15)
    at writeGeneric (node:internal/stream_base_commons:152:3)
    at Socket._writeGeneric (node:net:953:11)
    at Socket._write (node:net:965:8)
    at writeOrBuffer (node:internal/streams/writable:564:12)
    at _write (node:internal/streams/writable:493:10)
    at Writable.write (node:internal/streams/writable:502:10)
    at Console.log (/root/.nvm/versions/node/v20.15.1/lib/node_modules/firebase-tools/node_modules/winston/lib/winston/transports/console.js:87:23)
    at Console._write (/root/.nvm/versions/node/v20.15.1/lib/node_modules/firebase-tools/node_modules/winston-transport/modern.js:103:17)
    at doWrite (/root/.nvm/versions/node/v20.15.1/lib/node_modules/firebase-tools/node_modules/winston-transport/node_modules/readable-stream/lib/_stream_writable.js:390:139)
[error] 
[error] Error: An unexpected error has occurred.
[debug] [2024-09-23T13:23:50.678Z] Error: write EIO
    at afterWriteDispatched (node:internal/stream_base_commons:161:15)
    at writeGeneric (node:internal/stream_base_commons:152:3)
    at Socket._writeGeneric (node:net:953:11)
    at Socket._write (node:net:965:8)
    at writeOrBuffer (node:internal/streams/writable:564:12)
    at _write (node:internal/streams/writable:493:10)
    at Writable.write (node:internal/streams/writable:502:10)
    at Console.log (/root/.nvm/versions/node/v20.15.1/lib/node_modules/firebase-tools/node_modules/winston/lib/winston/transports/console.js:87:23)
    at Console._write (/root/.nvm/versions/node/v20.15.1/lib/node_modules/firebase-tools/node_modules/winston-transport/modern.js:103:17)
    at doWrite (/root/.nvm/versions/node/v20.15.1/lib/node_modules/firebase-tools/node_modules/winston-transport/node_modules/readable-stream/lib/_stream_writable.js:390:139)
[error] 
[error] Error: An unexpected error has occurred.
[debug] [2024-09-23T13:23:50.678Z] Error: write EIO
    at afterWriteDispatched (node:internal/stream_base_commons:161:15)
    at writeGeneric (node:internal/stream_base_commons:152:3)
    at Socket._writeGeneric (node:net:953:11)
    at Socket._write (node:net:965:8)
    at writeOrBuffer (node:internal/streams/writable:564:12)
    at _write (node:internal/streams/writable:493:10)
    at Writable.write (node:internal/streams/writable:502:10)
    at Console.log (/root/.nvm/versions/node/v20.15.1/lib/node_modules/firebase-tools/node_modules/winston/lib/winston/transports/console.js:87:23)
    at Console._write (/root/.nvm/versions/node/v20.15.1/lib/node_modules/firebase-tools/node_modules/winston-transport/modern.js:103:17)
    at doWrite (/root/.nvm/versions/node/v20.15.1/lib/node_modules/firebase-tools/node_modules/winston-transport/node_modules/readable-stream/lib/_stream_writable.js:390:139)
[error] 
[error] Error: An unexpected error has occurred.
[debug] [2024-09-23T13:23:50.679Z] Error: write EIO
    at afterWriteDispatched (node:internal/stream_base_commons:161:15)
    at writeGeneric (node:internal/stream_base_commons:152:3)
    at Socket._writeGeneric (node:net:953:11)
    at Socket._write (node:net:965:8)
    at writeOrBuffer (node:internal/streams/writable:564:12)
    at _write (node:internal/streams/writable:493:10)
    at Writable.write (node:internal/streams/writable:502:10)
    at Console.log (/root/.nvm/versions/node/v20.15.1/lib/node_modules/firebase-tools/node_modules/winston/lib/winston/transports/console.js:87:23)
    at Console._write (/root/.nvm/versions/node/v20.15.1/lib/node_modules/firebase-tools/node_modules/winston-transport/modern.js:103:17)
    at doWrite (/root/.nvm/versions/node/v20.15.1/lib/node_modules/firebase-tools/node_modules/winston-transport/node_modules/readable-stream/lib/_stream_writable.js:390:139)
[error] 
[error] Error: An unexpected error has occurred.
[debug] [2024-09-23T13:23:50.679Z] Error: write EIO
    at afterWriteDispatched (node:internal/stream_base_commons:161:15)
    at writeGeneric (node:internal/stream_base_commons:152:3)
    at Socket._writeGeneric (node:net:953:11)
    at Socket._write (node:net:965:8)
    at writeOrBuffer (node:internal/streams/writable:564:12)
    at _write (node:internal/streams/writable:493:10)
    at Writable.write (node:internal/streams/writable:502:10)
    at Console.log (/root/.nvm/versions/node/v20.15.1/lib/node_modules/firebase-tools/node_modules/winston/lib/winston/transports/console.js:87:23)
    at Console._write (/root/.nvm/versions/node/v20.15.1/lib/node_modules/firebase-tools/node_modules/winston-transport/modern.js:103:17)
    at doWrite (/root/.nvm/versions/node/v20.15.1/lib/node_modules/firebase-tools/node_modules/winston-transport/node_modules/readable-stream/lib/_stream_writable.js:390:139)
[error] 
[error] Error: An unexpected error has occurred.
